{"name": "test_create_order_button_at_the_buttom_page", "status": "broken", "statusDetails": {"message": "selenium.common.exceptions.ElementClickInterceptedException: Message: Element <button class=\"Button_Button__ra12g Button_Middle__1CSJM\"> is not clickable at point (612,30) because another element <div class=\"Header_Header__214zg\"> obscures it\nStacktrace:\nWebDriverError@chrome://marionette/content/error.js:181:5\nElementClickInterceptedError@chrome://marionette/content/error.js:280:5\nwebdriverClickElement@chrome://marionette/content/interaction.js:166:11\ninteraction.clickElement@chrome://marionette/content/interaction.js:125:11\nclickElement@chrome://marionette/content/actors/MarionetteCommandsChild.jsm:198:24\nreceiveMessage@chrome://marionette/content/actors/MarionetteCommandsChild.jsm:89:31", "trace": "self = <test_orders.TestCreateOrder object at 0x1041903d0>, setup = <selenium.webdriver.firefox.webdriver.WebDriver (session=\"a54a4003-44c5-a945-91d3-3b800e04a20e\")>\n\n    def test_create_order_button_at_the_buttom_page(self, setup):\n        order_page = OrderPage(setup)\n        order_page.go_to_site()\n>       order_page.click_button_order_at_the_bottom_of_page()\n\ntest/test_orders.py:33: \n_ _ _ _ _ _ _ _ _ _ _ _ _ _ _ _ _ _ _ _ _ _ _ _ _ _ _ _ _ _ _ _ _ _ _ _ _ _ _ _ _ _ _ _ _ _ _ _ _ _ _ _ _ _ _ _ _ _ _ _ _ _ _ _ _ _ _ _ _ _ _ _ _ _ _ _ _ _ _ _ _ _ _ _ _ _ _ _ _ _ _ _ _ _ _ _ _ _ _ _ _ _ _ _ _ _ _ _ \ntest/locators.py:149: in click_button_order_at_the_bottom_of_page\n    self.driver.find_element(*self.LOCATOR_BUTTON_ORDER_AT_THE_BOTTOM).click()\nvenv/lib/python3.10/site-packages/selenium/webdriver/remote/webelement.py:88: in click\n    self._execute(Command.CLICK_ELEMENT)\nvenv/lib/python3.10/site-packages/selenium/webdriver/remote/webelement.py:396: in _execute\n    return self._parent.execute(command, params)\nvenv/lib/python3.10/site-packages/selenium/webdriver/remote/webdriver.py:428: in execute\n    self.error_handler.check_response(response)\n_ _ _ _ _ _ _ _ _ _ _ _ _ _ _ _ _ _ _ _ _ _ _ _ _ _ _ _ _ _ _ _ _ _ _ _ _ _ _ _ _ _ _ _ _ _ _ _ _ _ _ _ _ _ _ _ _ _ _ _ _ _ _ _ _ _ _ _ _ _ _ _ _ _ _ _ _ _ _ _ _ _ _ _ _ _ _ _ _ _ _ _ _ _ _ _ _ _ _ _ _ _ _ _ _ _ _ _ \n\nself = <selenium.webdriver.remote.errorhandler.ErrorHandler object at 0x104191120>\nresponse = {'status': 400, 'value': '{\"value\":{\"error\":\"element click intercepted\",\"message\":\"Element <button class=\\\\\"Button_But...eCommandsChild.jsm:198:24\\\\nreceiveMessage@chrome://marionette/content/actors/MarionetteCommandsChild.jsm:89:31\\\\n\"}}'}\n\n    def check_response(self, response: Dict[str, Any]) -> None:\n        \"\"\"\n        Checks that a JSON response from the WebDriver does not have an error.\n    \n        :Args:\n         - response - The JSON response from the WebDriver server as a dictionary\n           object.\n    \n        :Raises: If the response contains an error message.\n        \"\"\"\n        status = response.get('status', None)\n        if not status or status == ErrorCode.SUCCESS:\n            return\n        value = None\n        message = response.get(\"message\", \"\")\n        screen: str = response.get(\"screen\", \"\")\n        stacktrace = None\n        if isinstance(status, int):\n            value_json = response.get('value', None)\n            if value_json and isinstance(value_json, str):\n                import json\n                try:\n                    value = json.loads(value_json)\n                    if len(value.keys()) == 1:\n                        value = value['value']\n                    status = value.get('error', None)\n                    if not status:\n                        status = value.get(\"status\", ErrorCode.UNKNOWN_ERROR)\n                        message = value.get(\"value\") or value.get(\"message\")\n                        if not isinstance(message, str):\n                            value = message\n                            message = message.get('message')\n                    else:\n                        message = value.get('message', None)\n                except ValueError:\n                    pass\n    \n        exception_class: Type[WebDriverException]\n        if status in ErrorCode.NO_SUCH_ELEMENT:\n            exception_class = NoSuchElementException\n        elif status in ErrorCode.NO_SUCH_FRAME:\n            exception_class = NoSuchFrameException\n        elif status in ErrorCode.NO_SUCH_SHADOW_ROOT:\n            exception_class = NoSuchShadowRootException\n        elif status in ErrorCode.NO_SUCH_WINDOW:\n            exception_class = NoSuchWindowException\n        elif status in ErrorCode.STALE_ELEMENT_REFERENCE:\n            exception_class = StaleElementReferenceException\n        elif status in ErrorCode.ELEMENT_NOT_VISIBLE:\n            exception_class = ElementNotVisibleException\n        elif status in ErrorCode.INVALID_ELEMENT_STATE:\n            exception_class = InvalidElementStateException\n        elif status in ErrorCode.INVALID_SELECTOR \\\n                or status in ErrorCode.INVALID_XPATH_SELECTOR \\\n                or status in ErrorCode.INVALID_XPATH_SELECTOR_RETURN_TYPER:\n            exception_class = InvalidSelectorException\n        elif status in ErrorCode.ELEMENT_IS_NOT_SELECTABLE:\n            exception_class = ElementNotSelectableException\n        elif status in ErrorCode.ELEMENT_NOT_INTERACTABLE:\n            exception_class = ElementNotInteractableException\n        elif status in ErrorCode.INVALID_COOKIE_DOMAIN:\n            exception_class = InvalidCookieDomainException\n        elif status in ErrorCode.UNABLE_TO_SET_COOKIE:\n            exception_class = UnableToSetCookieException\n        elif status in ErrorCode.TIMEOUT:\n            exception_class = TimeoutException\n        elif status in ErrorCode.SCRIPT_TIMEOUT:\n            exception_class = TimeoutException\n        elif status in ErrorCode.UNKNOWN_ERROR:\n            exception_class = WebDriverException\n        elif status in ErrorCode.UNEXPECTED_ALERT_OPEN:\n            exception_class = UnexpectedAlertPresentException\n        elif status in ErrorCode.NO_ALERT_OPEN:\n            exception_class = NoAlertPresentException\n        elif status in ErrorCode.IME_NOT_AVAILABLE:\n            exception_class = ImeNotAvailableException\n        elif status in ErrorCode.IME_ENGINE_ACTIVATION_FAILED:\n            exception_class = ImeActivationFailedException\n        elif status in ErrorCode.MOVE_TARGET_OUT_OF_BOUNDS:\n            exception_class = MoveTargetOutOfBoundsException\n        elif status in ErrorCode.JAVASCRIPT_ERROR:\n            exception_class = JavascriptException\n        elif status in ErrorCode.SESSION_NOT_CREATED:\n            exception_class = SessionNotCreatedException\n        elif status in ErrorCode.INVALID_ARGUMENT:\n            exception_class = InvalidArgumentException\n        elif status in ErrorCode.NO_SUCH_COOKIE:\n            exception_class = NoSuchCookieException\n        elif status in ErrorCode.UNABLE_TO_CAPTURE_SCREEN:\n            exception_class = ScreenshotException\n        elif status in ErrorCode.ELEMENT_CLICK_INTERCEPTED:\n            exception_class = ElementClickInterceptedException\n        elif status in ErrorCode.INSECURE_CERTIFICATE:\n            exception_class = InsecureCertificateException\n        elif status in ErrorCode.INVALID_COORDINATES:\n            exception_class = InvalidCoordinatesException\n        elif status in ErrorCode.INVALID_SESSION_ID:\n            exception_class = InvalidSessionIdException\n        elif status in ErrorCode.UNKNOWN_METHOD:\n            exception_class = UnknownMethodException\n        else:\n            exception_class = WebDriverException\n        if not value:\n            value = response['value']\n        if isinstance(value, str):\n            raise exception_class(value)\n        if message == \"\" and 'message' in value:\n            message = value['message']\n    \n        screen = None  # type: ignore[assignment]\n        if 'screen' in value:\n            screen = value['screen']\n    \n        stacktrace = None\n        st_value = value.get('stackTrace') or value.get('stacktrace')\n        if st_value:\n            if isinstance(st_value, str):\n                stacktrace = st_value.split('\\n')\n            else:\n                stacktrace = []\n                try:\n                    for frame in st_value:\n                        line = frame.get(\"lineNumber\", \"\")\n                        file = frame.get(\"fileName\", \"<anonymous>\")\n                        if line:\n                            file = f\"{file}:{line}\"\n                        meth = frame.get('methodName', '<anonymous>')\n                        if 'className' in frame:\n                            meth = \"{}.{}\".format(frame['className'], meth)\n                        msg = \"    at %s (%s)\"\n                        msg = msg % (meth, file)\n                        stacktrace.append(msg)\n                except TypeError:\n                    pass\n        if exception_class == UnexpectedAlertPresentException:\n            alert_text = None\n            if 'data' in value:\n                alert_text = value['data'].get('text')\n            elif 'alert' in value:\n                alert_text = value['alert'].get('text')\n            raise exception_class(message, screen, stacktrace, alert_text)  # type: ignore[call-arg]  # mypy is not smart enough here\n>       raise exception_class(message, screen, stacktrace)\nE       selenium.common.exceptions.ElementClickInterceptedException: Message: Element <button class=\"Button_Button__ra12g Button_Middle__1CSJM\"> is not clickable at point (612,30) because another element <div class=\"Header_Header__214zg\"> obscures it\nE       Stacktrace:\nE       WebDriverError@chrome://marionette/content/error.js:181:5\nE       ElementClickInterceptedError@chrome://marionette/content/error.js:280:5\nE       webdriverClickElement@chrome://marionette/content/interaction.js:166:11\nE       interaction.clickElement@chrome://marionette/content/interaction.js:125:11\nE       clickElement@chrome://marionette/content/actors/MarionetteCommandsChild.jsm:198:24\nE       receiveMessage@chrome://marionette/content/actors/MarionetteCommandsChild.jsm:89:31\n\nvenv/lib/python3.10/site-packages/selenium/webdriver/remote/errorhandler.py:243: ElementClickInterceptedException"}, "steps": [{"name": "Нажатие по кнопке \"Заказать\" внизу страницы", "status": "broken", "statusDetails": {"message": "selenium.common.exceptions.ElementClickInterceptedException: Message: Element <button class=\"Button_Button__ra12g Button_Middle__1CSJM\"> is not clickable at point (612,30) because another element <div class=\"Header_Header__214zg\"> obscures it\nStacktrace:\nWebDriverError@chrome://marionette/content/error.js:181:5\nElementClickInterceptedError@chrome://marionette/content/error.js:280:5\nwebdriverClickElement@chrome://marionette/content/interaction.js:166:11\ninteraction.clickElement@chrome://marionette/content/interaction.js:125:11\nclickElement@chrome://marionette/content/actors/MarionetteCommandsChild.jsm:198:24\nreceiveMessage@chrome://marionette/content/actors/MarionetteCommandsChild.jsm:89:31\n\n", "trace": "  File \"/Users/19373162/PycharmProjects/Sprint_4/venv/lib/python3.10/site-packages/allure_commons/_allure.py\", line 172, in impl\n    return func(*a, **kw)\n  File \"/Users/19373162/PycharmProjects/Sprint_4/test/locators.py\", line 149, in click_button_order_at_the_bottom_of_page\n    self.driver.find_element(*self.LOCATOR_BUTTON_ORDER_AT_THE_BOTTOM).click()\n  File \"/Users/19373162/PycharmProjects/Sprint_4/venv/lib/python3.10/site-packages/selenium/webdriver/remote/webelement.py\", line 88, in click\n    self._execute(Command.CLICK_ELEMENT)\n  File \"/Users/19373162/PycharmProjects/Sprint_4/venv/lib/python3.10/site-packages/selenium/webdriver/remote/webelement.py\", line 396, in _execute\n    return self._parent.execute(command, params)\n  File \"/Users/19373162/PycharmProjects/Sprint_4/venv/lib/python3.10/site-packages/selenium/webdriver/remote/webdriver.py\", line 428, in execute\n    self.error_handler.check_response(response)\n  File \"/Users/19373162/PycharmProjects/Sprint_4/venv/lib/python3.10/site-packages/selenium/webdriver/remote/errorhandler.py\", line 243, in check_response\n    raise exception_class(message, screen, stacktrace)\n"}, "start": 1664877974480, "stop": 1664877974506}], "start": 1664877969160, "stop": 1664877974513, "uuid": "ef80c4cf-13db-4104-be22-8b3d95152ce9", "historyId": "56cb39b2e9bfee4cb331ac0474265c1f", "testCaseId": "f209ebfa1667724f1e0b142abcda23dc", "fullName": "test.test_orders.TestCreateOrder#test_create_order_button_at_the_buttom_page", "labels": [{"name": "parentSuite", "value": "test"}, {"name": "suite", "value": "test_orders"}, {"name": "subSuite", "value": "TestCreateOrder"}, {"name": "host", "value": "cab-wsm-0014100"}, {"name": "thread", "value": "12833-MainThread"}, {"name": "framework", "value": "pytest"}, {"name": "language", "value": "cpython3"}, {"name": "package", "value": "test.test_orders"}]}