{"name": "test_create_order_button_at_the_buttom_page", "status": "broken", "statusDetails": {"message": "selenium.common.exceptions.NoSuchElementException: Message: Unable to locate element: button[class='Order_SelectOption__82bhS select-search__option']\nStacktrace:\nWebDriverError@chrome://marionette/content/error.js:181:5\nNoSuchElementError@chrome://marionette/content/error.js:393:5\nelement.find/</<@chrome://marionette/content/element.js:306:16", "trace": "self = <test_orders.TestCreateOrder object at 0x110f68640>, setup = <selenium.webdriver.firefox.webdriver.WebDriver (session=\"65a76f19-9fd4-7c4a-91ae-5118da16bf70\")>\n\n    def test_create_order_button_at_the_buttom_page(self, setup):\n        order_page = OrderPage(setup)\n        order_page.go_to_site()\n        order_page.go_to_main_page()\n    \n        order_page.click_button_order_at_the_bottom_of_page()\n    \n>       order_page.fill_all_required_fields(self.name, self.surname, self.address, self.metro, self.phone,\n                                            self.date, self.rental, self.color, comment='Не звоните')\n\ntest/test_orders.py:37: \n_ _ _ _ _ _ _ _ _ _ _ _ _ _ _ _ _ _ _ _ _ _ _ _ _ _ _ _ _ _ _ _ _ _ _ _ _ _ _ _ _ _ _ _ _ _ _ _ _ _ _ _ _ _ _ _ _ _ _ _ _ _ _ _ _ _ _ _ _ _ _ _ _ _ _ _ _ _ _ _ _ _ _ _ _ _ _ _ _ _ _ _ _ _ _ _ _ _ _ _ _ _ _ _ _ _ _ _ \ntest/pages/order_page.py:107: in fill_all_required_fields\n    self.set_field_metro(metro)\ntest/pages/order_page.py:40: in set_field_metro\n    self.driver.find_element(*OrderPageLocators.LOCATOR_BUTTON_WITH_METRO_STATION_NAME).click()\nvenv/lib/python3.10/site-packages/selenium/webdriver/remote/webdriver.py:855: in find_element\n    return self.execute(Command.FIND_ELEMENT, {\nvenv/lib/python3.10/site-packages/selenium/webdriver/remote/webdriver.py:428: in execute\n    self.error_handler.check_response(response)\n_ _ _ _ _ _ _ _ _ _ _ _ _ _ _ _ _ _ _ _ _ _ _ _ _ _ _ _ _ _ _ _ _ _ _ _ _ _ _ _ _ _ _ _ _ _ _ _ _ _ _ _ _ _ _ _ _ _ _ _ _ _ _ _ _ _ _ _ _ _ _ _ _ _ _ _ _ _ _ _ _ _ _ _ _ _ _ _ _ _ _ _ _ _ _ _ _ _ _ _ _ _ _ _ _ _ _ _ \n\nself = <selenium.webdriver.remote.errorhandler.ErrorHandler object at 0x110f6ba00>\nresponse = {'status': 404, 'value': '{\"value\":{\"error\":\"no such element\",\"message\":\"Unable to locate element: button[class=\\'Orde...ror@chrome://marionette/content/error.js:393:5\\\\nelement.find/</<@chrome://marionette/content/element.js:306:16\\\\n\"}}'}\n\n    def check_response(self, response: Dict[str, Any]) -> None:\n        \"\"\"\n        Checks that a JSON response from the WebDriver does not have an error.\n    \n        :Args:\n         - response - The JSON response from the WebDriver server as a dictionary\n           object.\n    \n        :Raises: If the response contains an error message.\n        \"\"\"\n        status = response.get('status', None)\n        if not status or status == ErrorCode.SUCCESS:\n            return\n        value = None\n        message = response.get(\"message\", \"\")\n        screen: str = response.get(\"screen\", \"\")\n        stacktrace = None\n        if isinstance(status, int):\n            value_json = response.get('value', None)\n            if value_json and isinstance(value_json, str):\n                import json\n                try:\n                    value = json.loads(value_json)\n                    if len(value.keys()) == 1:\n                        value = value['value']\n                    status = value.get('error', None)\n                    if not status:\n                        status = value.get(\"status\", ErrorCode.UNKNOWN_ERROR)\n                        message = value.get(\"value\") or value.get(\"message\")\n                        if not isinstance(message, str):\n                            value = message\n                            message = message.get('message')\n                    else:\n                        message = value.get('message', None)\n                except ValueError:\n                    pass\n    \n        exception_class: Type[WebDriverException]\n        if status in ErrorCode.NO_SUCH_ELEMENT:\n            exception_class = NoSuchElementException\n        elif status in ErrorCode.NO_SUCH_FRAME:\n            exception_class = NoSuchFrameException\n        elif status in ErrorCode.NO_SUCH_SHADOW_ROOT:\n            exception_class = NoSuchShadowRootException\n        elif status in ErrorCode.NO_SUCH_WINDOW:\n            exception_class = NoSuchWindowException\n        elif status in ErrorCode.STALE_ELEMENT_REFERENCE:\n            exception_class = StaleElementReferenceException\n        elif status in ErrorCode.ELEMENT_NOT_VISIBLE:\n            exception_class = ElementNotVisibleException\n        elif status in ErrorCode.INVALID_ELEMENT_STATE:\n            exception_class = InvalidElementStateException\n        elif status in ErrorCode.INVALID_SELECTOR \\\n                or status in ErrorCode.INVALID_XPATH_SELECTOR \\\n                or status in ErrorCode.INVALID_XPATH_SELECTOR_RETURN_TYPER:\n            exception_class = InvalidSelectorException\n        elif status in ErrorCode.ELEMENT_IS_NOT_SELECTABLE:\n            exception_class = ElementNotSelectableException\n        elif status in ErrorCode.ELEMENT_NOT_INTERACTABLE:\n            exception_class = ElementNotInteractableException\n        elif status in ErrorCode.INVALID_COOKIE_DOMAIN:\n            exception_class = InvalidCookieDomainException\n        elif status in ErrorCode.UNABLE_TO_SET_COOKIE:\n            exception_class = UnableToSetCookieException\n        elif status in ErrorCode.TIMEOUT:\n            exception_class = TimeoutException\n        elif status in ErrorCode.SCRIPT_TIMEOUT:\n            exception_class = TimeoutException\n        elif status in ErrorCode.UNKNOWN_ERROR:\n            exception_class = WebDriverException\n        elif status in ErrorCode.UNEXPECTED_ALERT_OPEN:\n            exception_class = UnexpectedAlertPresentException\n        elif status in ErrorCode.NO_ALERT_OPEN:\n            exception_class = NoAlertPresentException\n        elif status in ErrorCode.IME_NOT_AVAILABLE:\n            exception_class = ImeNotAvailableException\n        elif status in ErrorCode.IME_ENGINE_ACTIVATION_FAILED:\n            exception_class = ImeActivationFailedException\n        elif status in ErrorCode.MOVE_TARGET_OUT_OF_BOUNDS:\n            exception_class = MoveTargetOutOfBoundsException\n        elif status in ErrorCode.JAVASCRIPT_ERROR:\n            exception_class = JavascriptException\n        elif status in ErrorCode.SESSION_NOT_CREATED:\n            exception_class = SessionNotCreatedException\n        elif status in ErrorCode.INVALID_ARGUMENT:\n            exception_class = InvalidArgumentException\n        elif status in ErrorCode.NO_SUCH_COOKIE:\n            exception_class = NoSuchCookieException\n        elif status in ErrorCode.UNABLE_TO_CAPTURE_SCREEN:\n            exception_class = ScreenshotException\n        elif status in ErrorCode.ELEMENT_CLICK_INTERCEPTED:\n            exception_class = ElementClickInterceptedException\n        elif status in ErrorCode.INSECURE_CERTIFICATE:\n            exception_class = InsecureCertificateException\n        elif status in ErrorCode.INVALID_COORDINATES:\n            exception_class = InvalidCoordinatesException\n        elif status in ErrorCode.INVALID_SESSION_ID:\n            exception_class = InvalidSessionIdException\n        elif status in ErrorCode.UNKNOWN_METHOD:\n            exception_class = UnknownMethodException\n        else:\n            exception_class = WebDriverException\n        if not value:\n            value = response['value']\n        if isinstance(value, str):\n            raise exception_class(value)\n        if message == \"\" and 'message' in value:\n            message = value['message']\n    \n        screen = None  # type: ignore[assignment]\n        if 'screen' in value:\n            screen = value['screen']\n    \n        stacktrace = None\n        st_value = value.get('stackTrace') or value.get('stacktrace')\n        if st_value:\n            if isinstance(st_value, str):\n                stacktrace = st_value.split('\\n')\n            else:\n                stacktrace = []\n                try:\n                    for frame in st_value:\n                        line = frame.get(\"lineNumber\", \"\")\n                        file = frame.get(\"fileName\", \"<anonymous>\")\n                        if line:\n                            file = f\"{file}:{line}\"\n                        meth = frame.get('methodName', '<anonymous>')\n                        if 'className' in frame:\n                            meth = \"{}.{}\".format(frame['className'], meth)\n                        msg = \"    at %s (%s)\"\n                        msg = msg % (meth, file)\n                        stacktrace.append(msg)\n                except TypeError:\n                    pass\n        if exception_class == UnexpectedAlertPresentException:\n            alert_text = None\n            if 'data' in value:\n                alert_text = value['data'].get('text')\n            elif 'alert' in value:\n                alert_text = value['alert'].get('text')\n            raise exception_class(message, screen, stacktrace, alert_text)  # type: ignore[call-arg]  # mypy is not smart enough here\n>       raise exception_class(message, screen, stacktrace)\nE       selenium.common.exceptions.NoSuchElementException: Message: Unable to locate element: button[class='Order_SelectOption__82bhS select-search__option']\nE       Stacktrace:\nE       WebDriverError@chrome://marionette/content/error.js:181:5\nE       NoSuchElementError@chrome://marionette/content/error.js:393:5\nE       element.find/</<@chrome://marionette/content/element.js:306:16\n\nvenv/lib/python3.10/site-packages/selenium/webdriver/remote/errorhandler.py:243: NoSuchElementException"}, "steps": [{"name": "Нажатие по кнопке \"Заказать\" внизу страницы", "status": "passed", "start": 1665038282804, "stop": 1665038283066}, {"name": "Заполнение всех обязательных полей для оформления заказа", "status": "broken", "statusDetails": {"message": "selenium.common.exceptions.NoSuchElementException: Message: Unable to locate element: button[class='Order_SelectOption__82bhS select-search__option']\nStacktrace:\nWebDriverError@chrome://marionette/content/error.js:181:5\nNoSuchElementError@chrome://marionette/content/error.js:393:5\nelement.find/</<@chrome://marionette/content/element.js:306:16\n\n", "trace": "  File \"/Users/19373162/PycharmProjects/Sprint_4/venv/lib/python3.10/site-packages/allure_commons/_allure.py\", line 172, in impl\n    return func(*a, **kw)\n  File \"/Users/19373162/PycharmProjects/Sprint_4/test/pages/order_page.py\", line 107, in fill_all_required_fields\n    self.set_field_metro(metro)\n  File \"/Users/19373162/PycharmProjects/Sprint_4/venv/lib/python3.10/site-packages/allure_commons/_allure.py\", line 172, in impl\n    return func(*a, **kw)\n  File \"/Users/19373162/PycharmProjects/Sprint_4/test/pages/order_page.py\", line 40, in set_field_metro\n    self.driver.find_element(*OrderPageLocators.LOCATOR_BUTTON_WITH_METRO_STATION_NAME).click()\n  File \"/Users/19373162/PycharmProjects/Sprint_4/venv/lib/python3.10/site-packages/selenium/webdriver/remote/webdriver.py\", line 855, in find_element\n    return self.execute(Command.FIND_ELEMENT, {\n  File \"/Users/19373162/PycharmProjects/Sprint_4/venv/lib/python3.10/site-packages/selenium/webdriver/remote/webdriver.py\", line 428, in execute\n    self.error_handler.check_response(response)\n  File \"/Users/19373162/PycharmProjects/Sprint_4/venv/lib/python3.10/site-packages/selenium/webdriver/remote/errorhandler.py\", line 243, in check_response\n    raise exception_class(message, screen, stacktrace)\n"}, "steps": [{"name": "Заполнение поля \"Имя\"", "status": "passed", "parameters": [{"name": "name", "value": "'Иван'"}], "start": 1665038283067, "stop": 1665038283093}, {"name": "Заполнение поля \"Фамилия\"", "status": "passed", "parameters": [{"name": "surname", "value": "'Сидоров'"}], "start": 1665038283093, "stop": 1665038283118}, {"name": "Заполнение поля \"Адресс\"", "status": "passed", "parameters": [{"name": "address", "value": "'Лубянка, 2'"}], "start": 1665038283118, "stop": 1665038283147}, {"name": "Заполнение поля \"Метро\"", "status": "broken", "statusDetails": {"message": "selenium.common.exceptions.NoSuchElementException: Message: Unable to locate element: button[class='Order_SelectOption__82bhS select-search__option']\nStacktrace:\nWebDriverError@chrome://marionette/content/error.js:181:5\nNoSuchElementError@chrome://marionette/content/error.js:393:5\nelement.find/</<@chrome://marionette/content/element.js:306:16\n\n", "trace": "  File \"/Users/19373162/PycharmProjects/Sprint_4/venv/lib/python3.10/site-packages/allure_commons/_allure.py\", line 172, in impl\n    return func(*a, **kw)\n  File \"/Users/19373162/PycharmProjects/Sprint_4/test/pages/order_page.py\", line 40, in set_field_metro\n    self.driver.find_element(*OrderPageLocators.LOCATOR_BUTTON_WITH_METRO_STATION_NAME).click()\n  File \"/Users/19373162/PycharmProjects/Sprint_4/venv/lib/python3.10/site-packages/selenium/webdriver/remote/webdriver.py\", line 855, in find_element\n    return self.execute(Command.FIND_ELEMENT, {\n  File \"/Users/19373162/PycharmProjects/Sprint_4/venv/lib/python3.10/site-packages/selenium/webdriver/remote/webdriver.py\", line 428, in execute\n    self.error_handler.check_response(response)\n  File \"/Users/19373162/PycharmProjects/Sprint_4/venv/lib/python3.10/site-packages/selenium/webdriver/remote/errorhandler.py\", line 243, in check_response\n    raise exception_class(message, screen, stacktrace)\n"}, "parameters": [{"name": "metro", "value": "'Лубянка'"}], "start": 1665038283147, "stop": 1665038283172}], "parameters": [{"name": "name", "value": "'Иван'"}, {"name": "surname", "value": "'Сидоров'"}, {"name": "address", "value": "'Лубянка, 2'"}, {"name": "metro", "value": "'Лубянка'"}, {"name": "phone", "value": "'89129999999'"}, {"name": "date", "value": "'05.10.2022'"}, {"name": "rental", "value": "1"}, {"name": "color", "value": "'black'"}, {"name": "comment", "value": "'Не звоните'"}], "start": 1665038283067, "stop": 1665038283176}], "start": 1665038281369, "stop": 1665038283176, "uuid": "492fef6d-96aa-4905-b231-9cf16afe4297", "historyId": "5049670b60dcb0141696d09bb6c61289", "testCaseId": "c077494b4cac90f50c601505d81fe5e6", "fullName": "test_orders.TestCreateOrder#test_create_order_button_at_the_buttom_page", "labels": [{"name": "suite", "value": "test_orders"}, {"name": "subSuite", "value": "TestCreateOrder"}, {"name": "host", "value": "cab-wsm-0014100"}, {"name": "thread", "value": "45579-MainThread"}, {"name": "framework", "value": "pytest"}, {"name": "language", "value": "cpython3"}, {"name": "package", "value": "test_orders"}]}